<?xml version="1.0" encoding="UTF-8"?>
<!-- Generated by org.testng.reporters.JUnitXMLReporter -->
<testsuite ignored="0" hostname="Suhails-MacDoo.local" failures="0" tests="4" name="MyTest" time="3.901" errors="0" timestamp="2023-09-02T15:42:51 IST">
  <testcase classname="com.example.tests.facebook.FacebookTest" name="launchFb" time="2.254"/>
  <testcase classname="com.example.tests.google.GoogleTest" name="launchGoogle" time="2.677"/>
  <testcase classname="com.example.tests.flipkart.FlipkartTest" name="launchFlipkart" time="3.594"/>
  <testcase classname="com.example.tests.amazon.AmazonTest" name="launchAmazon" time="3.885"/>
</testsuite> <!-- MyTest -->
