<?xml version="1.0" encoding="UTF-8"?>
<!-- Generated by org.testng.reporters.JUnitXMLReporter -->
<testsuite ignored="0" hostname="Suhails-MacDoo.local" failures="0" tests="4" name="MyTest" time="6.077" errors="0" timestamp="2023-09-02T10:37:45 IST">
  <testcase classname="com.example.tests.facebook.FacebookTest" name="launchFb" time="3.351"/>
  <testcase classname="com.example.tests.google.GoogleTest" name="launchGoogle" time="3.92"/>
  <testcase classname="com.example.tests.flipkart.FlipkartTest" name="launchFlipkart" time="4.232"/>
  <testcase classname="com.example.tests.amazon.AmazonTest" name="launchAmazon" time="6.062"/>
</testsuite> <!-- MyTest -->
