<?xml version="1.0" encoding="UTF-8"?>
<testng-results ignored="0" total="1" passed="1" failed="0" skipped="0">
  <reporter-output>
  </reporter-output>
  <suite started-at="2023-09-05T12:44:17 IST" name="MyFlipkartSuite" finished-at="2023-09-05T12:44:21 IST" duration-ms="4333">
    <groups>
    </groups>
    <test started-at="2023-09-05T12:44:17 IST" name="MyTest" finished-at="2023-09-05T12:44:21 IST" duration-ms="4333">
      <class name="com.example.tests.flipkart.FlipkartTest">
        <test-method signature="launchFlipkart()[pri:0, instance:com.example.tests.flipkart.FlipkartTest@481a15ff]" started-at="2023-09-05T12:44:17 IST" name="launchFlipkart" finished-at="2023-09-05T12:44:21 IST" duration-ms="4317" status="PASS">
          <reporter-output>
          </reporter-output>
        </test-method> <!-- launchFlipkart -->
        <test-method is-config="true" signature="quitDriver()[pri:0, instance:com.example.tests.flipkart.FlipkartTest@481a15ff]" started-at="2023-09-05T12:44:21 IST" name="quitDriver" finished-at="2023-09-05T12:44:21 IST" duration-ms="2" status="PASS">
          <reporter-output>
          </reporter-output>
        </test-method> <!-- quitDriver -->
      </class> <!-- com.example.tests.flipkart.FlipkartTest -->
    </test> <!-- MyTest -->
  </suite> <!-- MyFlipkartSuite -->
</testng-results>
