<?xml version="1.0" encoding="UTF-8"?>
<!-- Generated by org.testng.reporters.JUnitXMLReporter -->
<testsuite ignored="0" hostname="DESKTOP-SLJA0CJ" failures="0" tests="3" name="MyTest" time="22.287" errors="0" timestamp="2023-09-02T17:42:04 IST">
  <testcase classname="com.example.tests.amazon.AmazonTest" name="launchAmazon" time="0.65"/>
  <testcase classname="com.example.tests.amazon.AmazonTitleTest" name="verifyTitle" time="4.378"/>
  <testcase classname="com.example.tests.amazon.AmazonLogoTest" name="verifyAmazonLogo" time="1.294"/>
</testsuite> <!-- MyTest -->
