<?xml version="1.0" encoding="UTF-8"?>
<!-- Generated by org.testng.reporters.JUnitXMLReporter -->
<testsuite ignored="0" hostname="Suhails-MacDoo.local" failures="0" tests="3" name="MyTest" time="0.023" errors="0" timestamp="2023-09-05T12:25:11 IST">
  <testcase classname="com.example.tests.amazon.AmazonLogoTest" name="@BeforeMethod launchBrowser" time="0.006">
    <failure type="java.lang.NullPointerException" message="inStream parameter is null">
      <![CDATA[java.lang.NullPointerException: inStream parameter is null
at java.base/java.util.Objects.requireNonNull(Objects.java:259)
at java.base/java.util.Properties.load(Properties.java:408)
at com.example.Utils.PropertyClass.getProperty(PropertyClass.java:13)
at com.example.TestComponents.BaseTest.initializeBrowser(BaseTest.java:19)
at com.example.tests.amazon.AmazonLogoTest.launchBrowser(AmazonLogoTest.java:13)
at java.base/java.util.concurrent.ThreadPoolExecutor.runWorker(ThreadPoolExecutor.java:1144)
at java.base/java.util.concurrent.ThreadPoolExecutor$Worker.run(ThreadPoolExecutor.java:642)
at java.base/java.lang.Thread.run(Thread.java:1589)
... Removed 14 stack frames]]>
    </failure>
  </testcase> <!-- @BeforeMethod launchBrowser -->
  <testcase classname="com.example.tests.amazon.AmazonTitleTest" name="@BeforeMethod launchBrowser" time="0.006">
    <failure type="java.lang.NullPointerException" message="inStream parameter is null">
      <![CDATA[java.lang.NullPointerException: inStream parameter is null
at java.base/java.util.Objects.requireNonNull(Objects.java:259)
at java.base/java.util.Properties.load(Properties.java:408)
at com.example.Utils.PropertyClass.getProperty(PropertyClass.java:13)
at com.example.TestComponents.BaseTest.initializeBrowser(BaseTest.java:19)
at com.example.tests.amazon.AmazonTitleTest.launchBrowser(AmazonTitleTest.java:15)
at java.base/java.util.concurrent.ThreadPoolExecutor.runWorker(ThreadPoolExecutor.java:1144)
at java.base/java.util.concurrent.ThreadPoolExecutor$Worker.run(ThreadPoolExecutor.java:642)
at java.base/java.lang.Thread.run(Thread.java:1589)
... Removed 14 stack frames]]>
    </failure>
  </testcase> <!-- @BeforeMethod launchBrowser -->
  <testcase classname="com.example.tests.amazon.AmazonTest" name="@BeforeMethod launchBrowser" time="0.007">
    <failure type="java.lang.NullPointerException" message="inStream parameter is null">
      <![CDATA[java.lang.NullPointerException: inStream parameter is null
at java.base/java.util.Objects.requireNonNull(Objects.java:259)
at java.base/java.util.Properties.load(Properties.java:408)
at com.example.Utils.PropertyClass.getProperty(PropertyClass.java:13)
at com.example.TestComponents.BaseTest.initializeBrowser(BaseTest.java:19)
at com.example.tests.amazon.AmazonTest.launchBrowser(AmazonTest.java:18)
at java.base/java.util.concurrent.ThreadPoolExecutor.runWorker(ThreadPoolExecutor.java:1144)
at java.base/java.util.concurrent.ThreadPoolExecutor$Worker.run(ThreadPoolExecutor.java:642)
at java.base/java.lang.Thread.run(Thread.java:1589)
... Removed 14 stack frames]]>
    </failure>
  </testcase> <!-- @BeforeMethod launchBrowser -->
  <testcase classname="com.example.TestComponents.BaseTest" name="@AfterMethod quitDriver" time="0.0">
    <skipped/>
  </testcase> <!-- @AfterMethod quitDriver -->
  <testcase classname="com.example.TestComponents.BaseTest" name="@AfterMethod quitDriver" time="0.0">
    <skipped/>
  </testcase> <!-- @AfterMethod quitDriver -->
  <testcase classname="com.example.TestComponents.BaseTest" name="@AfterMethod quitDriver" time="0.0">
    <skipped/>
  </testcase> <!-- @AfterMethod quitDriver -->
  <testcase classname="com.example.tests.amazon.AmazonTitleTest" name="verifyTitle" time="0.0">
    <skipped/>
  </testcase> <!-- verifyTitle -->
  <testcase classname="com.example.tests.amazon.AmazonLogoTest" name="verifyAmazonLogo" time="0.0">
    <skipped/>
  </testcase> <!-- verifyAmazonLogo -->
  <testcase classname="com.example.tests.amazon.AmazonTest" name="launchAmazon" time="0.0">
    <skipped/>
  </testcase> <!-- launchAmazon -->
</testsuite> <!-- MyTest -->
